    )
    190 return conn

NewConnectionError: <urllib3.connection.HTTPSConnection object at 0x7ef304d8bbe0>: Failed to establish a new connection: [Errno -3] Temporary failure in name resolution

During handling of the above exception, another exception occurred:

MaxRetryError                             Traceback (most recent call last)
File ~/.local/lib/python3.11/site-packages/requests/adapters.py:486, in HTTPAdapter.send(self, request, stream, timeout, verify, cert, proxies)
    485 try:
--> 486     resp = conn.urlopen(
    487         method=request.method,
    488         url=url,
    489         body=request.body,
    490         headers=request.headers,
    491         redirect=False,
    492         assert_same_host=False,
    493         preload_content=False,
    494         decode_content=False,
    495         retries=self.max_retries,
    496         timeout=timeout,
    497         chunked=chunked,
    498     )
    500 except (ProtocolError, OSError) as err:

File ~/.local/lib/python3.11/site-packages/urllib3/connectionpool.py:802, in HTTPConnectionPool.urlopen(self, method, url, body, headers, retries, redirect, assert_same_host, timeout, pool_timeout, release_conn, chunked, body_pos, **response_kw)
    800     e = ProtocolError("Connection aborted.", e)
--> 802 retries = retries.increment(
    803     method, url, error=e, _pool=self, _stacktrace=sys.exc_info()[2]
    804 )
    805 retries.sleep()

File ~/.local/lib/python3.11/site-packages/urllib3/util/retry.py:594, in Retry.increment(self, method, url, response, error, _pool, _stacktrace)
    593 if new_retry.is_exhausted():
--> 594     raise MaxRetryError(_pool, url, error or ResponseError(cause))
    596 log.debug("Incremented Retry for (url='%s'): %r", url, new_retry)

MaxRetryError: HTTPSConnectionPool(host='production.api.sanity.io', port=443): Max retries exceeded with url: /v2021-10-21/data/query/production?query=*%5B_type%20==%20%22agentMemory%22%20&&%20author%20==%20%22Symbi%22%5D%20%7C%20order(date%20desc)%5B0...5%5D (Caused by NewConnectionError('<urllib3.connection.HTTPSConnection object at 0x7ef304d8bbe0>: Failed to establish a new connection: [Errno -3] Temporary failure in name resolution'))

During handling of the above exception, another exception occurred:

ConnectionError                           Traceback (most recent call last)
Cell In[1], line 18
     12 # Make the request
     13 headers = {
     14     "Authorization": f"Bearer {token}",
     15     "Content-Type": "application/json"
     16 }
---> 18 response = requests.get(url, headers=headers)
     20 # Only return sanitized output for safety
     21 {
     22     "status_code": response.status_code,
     23     "success": response.ok,
     24     "text": response.text[:500]  # show only part of the response safely
     25 }

File ~/.local/lib/python3.11/site-packages/requests/api.py:73, in get(url, params, **kwargs)
     62 def get(url, params=None, **kwargs):
     63     r"""Sends a GET request.
     64 
     65     :param url: URL for the new :class:`Request` object.
   (...)
     70     :rtype: requests.Response
     71     """
---> 73     return request("get", url, params=params, **kwargs)

File ~/.local/lib/python3.11/site-packages/requests/api.py:59, in request(method, url, **kwargs)
     55 # By using the 'with' statement we are sure the session is closed, thus we
     56 # avoid leaving sockets open which can trigger a ResourceWarning in some
     57 # cases, and look like a memory leak in others.
     58 with sessions.Session() as session:
---> 59     return session.request(method=method, url=url, **kwargs)

File ~/.local/lib/python3.11/site-packages/requests/sessions.py:589, in Session.request(self, method, url, params, data, headers, cookies, files, auth, timeout, allow_redirects, proxies, hooks, stream, verify, cert, json)
    584 send_kwargs = {
    585     "timeout": timeout,
    586     "allow_redirects": allow_redirects,
    587 }
    588 send_kwargs.update(set