et.getaddrinfo(host, port, family, type, proto, flags):
    963     af, socktype, proto, canonname, sa = res

gaierror: [Errno -3] Temporary failure in name resolution

During handling of the above exception, another exception occurred:

NewConnectionError                        Traceback (most recent call last)
File ~/.local/lib/python3.11/site-packages/urllib3/connectionpool.py:716, in HTTPConnectionPool.urlopen(self, method, url, body, headers, retries, redirect, assert_same_host, timeout, pool_timeout, release_conn, chunked, body_pos, **response_kw)
    715 # Make the request on the httplib connection object.
--> 716 httplib_response = self._make_request(
    717     conn,
    718     method,
    719     url,
    720     timeout=timeout_obj,
    721     body=body,
    722     headers=headers,
    723     chunked=chunked,
    724 )
    726 # If we're going to release the connection in ``finally:``, then
    727 # the response doesn't need to know about the connection. Otherwise
    728 # it will also try to release it and we'll have a double-release
    729 # mess.

File ~/.local/lib/python3.11/site-packages/urllib3/connectionpool.py:404, in HTTPConnectionPool._make_request(self, conn, method, url, timeout, chunked, **httplib_request_kw)
    403 try:
--> 404     self._validate_conn(conn)
    405 except (SocketTimeout, BaseSSLError) as e:
    406     # Py2 raises this as a BaseSSLError, Py3 raises it as socket timeout.

File ~/.local/lib/python3.11/site-packages/urllib3/connectionpool.py:1061, in HTTPSConnectionPool._validate_conn(self, conn)
   1060 if not getattr(conn, "sock", None):  # AppEngine might not have  `.sock`
-> 1061     conn.connect()
   1063 if not conn.is_verified:

File ~/.local/lib/python3.11/site-packages/urllib3/connection.py:363, in HTTPSConnection.connect(self)
    361 def connect(self):
    362     # Add certificate verification
--> 363     self.sock = conn = self._new_conn()
    364     hostname = self.host

File ~/.local/lib/python3.11/site-packages/urllib3/connection.py:186, in HTTPConnection._new_conn(self)
    185 except SocketError as e:
--> 186     raise NewConnectionError(
    187         self, "Failed to establish a new connection: %s" % e
    188     )
    190 return conn

NewConnectionError: <urllib3.connection.HTTPSConnection object at 0x7ef304d8bbe0>: Failed to establish a new connection: [Errno -3] Temporary failure in name resolution

During handling of the above exception, another exception occurred:

MaxRetryError                             Traceback (most recent call last)
File ~/.local/lib/python3.11/site-packages/requests/adapters.py:486, in HTTPAdapter.send(self, request, stream, timeout, verify, cert, proxies)
    485 try:
--> 486     resp = conn.urlopen(
    487         method=request.method,
    488         url=url,
    489         body=request.body,
    490         headers=request.headers,
    491         redirect=False,
    492         assert_same_host=False,
    493         preload_content=False,
    494         decode_content=False,
    495         retries=self.max_retries,
    496         timeout=timeout,
    497         chunked=chunked,
    498     )
    500 except (ProtocolError, OSError) as err:

File ~/.local/lib/python3.11/site-packages/urllib3/connectionpool.py:802, in HTTPConnectionPool.urlopen(self, method, url, body, headers, retries, redirect, assert_same_host, timeout, pool_timeout, release_conn, chunked, body_pos, **response_kw)
    800     e = ProtocolError("Connection aborted.", e)
--> 802 retries = retries.increment(
    803     method, url, error=e, _pool=self, _stacktrace=sys.exc_info()[2]
    804 )
    805 retries.sleep()

File ~/.local/lib/python3.11/site-packages/urllib3/util/retry.py:594, in Retry.increment(self, method, url, response, error, _pool, _stacktrace)
    593 if new_retry.is_exhausted():
--> 594     raise MaxRetryError(_pool, url, error or ResponseError(cause))
    596 log.debug("Incremented Retry for (url='%s'): %r", url, new_retry)

MaxRet